{"/Users/leifflor/Documents/VSCodeWorkSpace/NodeJS/35.1_express-biztime/app.js": {"path":"/Users/leifflor/Documents/VSCodeWorkSpace/NodeJS/35.1_express-biztime/app.js","statementMap":{"0":{"start":{"line":3,"column":16},"end":{"line":3,"column":34}},"1":{"start":{"line":5,"column":12},"end":{"line":5,"column":21}},"2":{"start":{"line":6,"column":21},"end":{"line":6,"column":46}},"3":{"start":{"line":8,"column":0},"end":{"line":8,"column":24}},"4":{"start":{"line":11,"column":19},"end":{"line":11,"column":48}},"5":{"start":{"line":12,"column":0},"end":{"line":12,"column":34}},"6":{"start":{"line":14,"column":22},"end":{"line":14,"column":50}},"7":{"start":{"line":15,"column":0},"end":{"line":15,"column":36}},"8":{"start":{"line":17,"column":23},"end":{"line":17,"column":53}},"9":{"start":{"line":18,"column":0},"end":{"line":18,"column":39}},"10":{"start":{"line":22,"column":0},"end":{"line":25,"column":3}},"11":{"start":{"line":23,"column":14},"end":{"line":23,"column":48}},"12":{"start":{"line":24,"column":2},"end":{"line":24,"column":19}},"13":{"start":{"line":29,"column":0},"end":{"line":36,"column":3}},"14":{"start":{"line":30,"column":2},"end":{"line":30,"column":32}},"15":{"start":{"line":32,"column":2},"end":{"line":35,"column":5}},"16":{"start":{"line":39,"column":0},"end":{"line":39,"column":21}}},"fnMap":{"0":{"name":"(anonymous_0)","decl":{"start":{"line":22,"column":8},"end":{"line":22,"column":9}},"loc":{"start":{"line":22,"column":33},"end":{"line":25,"column":1}},"line":22},"1":{"name":"(anonymous_1)","decl":{"start":{"line":29,"column":8},"end":{"line":29,"column":9}},"loc":{"start":{"line":29,"column":33},"end":{"line":36,"column":1}},"line":29}},"branchMap":{"0":{"loc":{"start":{"line":30,"column":13},"end":{"line":30,"column":30}},"type":"binary-expr","locations":[{"start":{"line":30,"column":13},"end":{"line":30,"column":23}},{"start":{"line":30,"column":27},"end":{"line":30,"column":30}}],"line":30}},"s":{"0":3,"1":3,"2":3,"3":3,"4":3,"5":3,"6":3,"7":3,"8":3,"9":3,"10":3,"11":0,"12":0,"13":3,"14":5,"15":5,"16":3},"f":{"0":0,"1":5},"b":{"0":[5,2]},"_coverageSchema":"1a1c01bbd47fc00a2c39e90264f33305004495a9","hash":"35f0e210c00bf60bd2875f1c93665a425100e878"}
,"/Users/leifflor/Documents/VSCodeWorkSpace/NodeJS/35.1_express-biztime/db.js": {"path":"/Users/leifflor/Documents/VSCodeWorkSpace/NodeJS/35.1_express-biztime/db.js","statementMap":{"0":{"start":{"line":3,"column":19},"end":{"line":3,"column":32}},"1":{"start":{"line":7,"column":0},"end":{"line":11,"column":1}},"2":{"start":{"line":8,"column":4},"end":{"line":8,"column":42}},"3":{"start":{"line":10,"column":4},"end":{"line":10,"column":37}},"4":{"start":{"line":13,"column":9},"end":{"line":15,"column":2}},"5":{"start":{"line":17,"column":0},"end":{"line":17,"column":13}},"6":{"start":{"line":19,"column":0},"end":{"line":19,"column":20}}},"fnMap":{},"branchMap":{"0":{"loc":{"start":{"line":7,"column":0},"end":{"line":11,"column":1}},"type":"if","locations":[{"start":{"line":7,"column":0},"end":{"line":11,"column":1}},{"start":{"line":7,"column":0},"end":{"line":11,"column":1}}],"line":7}},"s":{"0":3,"1":3,"2":3,"3":0,"4":3,"5":3,"6":3},"f":{},"b":{"0":[3,0]},"_coverageSchema":"1a1c01bbd47fc00a2c39e90264f33305004495a9","hash":"eaada1a81dcac0494a6b58c5d114f9de1093ea80"}
,"/Users/leifflor/Documents/VSCodeWorkSpace/NodeJS/35.1_express-biztime/expressError.js": {"path":"/Users/leifflor/Documents/VSCodeWorkSpace/NodeJS/35.1_express-biztime/expressError.js","statementMap":{"0":{"start":{"line":9,"column":4},"end":{"line":9,"column":12}},"1":{"start":{"line":10,"column":4},"end":{"line":10,"column":27}},"2":{"start":{"line":11,"column":4},"end":{"line":11,"column":25}},"3":{"start":{"line":12,"column":4},"end":{"line":12,"column":30}},"4":{"start":{"line":17,"column":0},"end":{"line":17,"column":30}}},"fnMap":{"0":{"name":"(anonymous_0)","decl":{"start":{"line":8,"column":2},"end":{"line":8,"column":3}},"loc":{"start":{"line":8,"column":31},"end":{"line":13,"column":3}},"line":8}},"branchMap":{},"s":{"0":3,"1":3,"2":3,"3":3,"4":3},"f":{"0":3},"b":{},"_coverageSchema":"1a1c01bbd47fc00a2c39e90264f33305004495a9","hash":"e65794c2a4d676e98eaa6b6e288380e22742f0e6"}
,"/Users/leifflor/Documents/VSCodeWorkSpace/NodeJS/35.1_express-biztime/routes/companies.js": {"path":"/Users/leifflor/Documents/VSCodeWorkSpace/NodeJS/35.1_express-biztime/routes/companies.js","statementMap":{"0":{"start":{"line":1,"column":16},"end":{"line":1,"column":34}},"1":{"start":{"line":2,"column":15},"end":{"line":2,"column":31}},"2":{"start":{"line":3,"column":11},"end":{"line":3,"column":27}},"3":{"start":{"line":4,"column":21},"end":{"line":4,"column":47}},"4":{"start":{"line":6,"column":0},"end":{"line":13,"column":2}},"5":{"start":{"line":7,"column":4},"end":{"line":12,"column":5}},"6":{"start":{"line":8,"column":23},"end":{"line":8,"column":86}},"7":{"start":{"line":9,"column":8},"end":{"line":9,"column":50}},"8":{"start":{"line":11,"column":8},"end":{"line":11,"column":25}},"9":{"start":{"line":15,"column":0},"end":{"line":35,"column":2}},"10":{"start":{"line":16,"column":4},"end":{"line":34,"column":5}},"11":{"start":{"line":17,"column":25},"end":{"line":17,"column":35}},"12":{"start":{"line":18,"column":23},"end":{"line":26,"column":19}},"13":{"start":{"line":27,"column":8},"end":{"line":29,"column":9}},"14":{"start":{"line":28,"column":12},"end":{"line":28,"column":61}},"15":{"start":{"line":30,"column":25},"end":{"line":30,"column":92}},"16":{"start":{"line":31,"column":8},"end":{"line":31,"column":82}},"17":{"start":{"line":33,"column":8},"end":{"line":33,"column":25}},"18":{"start":{"line":37,"column":0},"end":{"line":49,"column":2}},"19":{"start":{"line":38,"column":4},"end":{"line":48,"column":5}},"20":{"start":{"line":39,"column":44},"end":{"line":39,"column":52}},"21":{"start":{"line":40,"column":23},"end":{"line":44,"column":38}},"22":{"start":{"line":45,"column":8},"end":{"line":45,"column":64}},"23":{"start":{"line":47,"column":8},"end":{"line":47,"column":25}},"24":{"start":{"line":51,"column":0},"end":{"line":73,"column":2}},"25":{"start":{"line":52,"column":4},"end":{"line":72,"column":5}},"26":{"start":{"line":53,"column":25},"end":{"line":53,"column":35}},"27":{"start":{"line":54,"column":38},"end":{"line":54,"column":46}},"28":{"start":{"line":55,"column":23},"end":{"line":59,"column":19}},"29":{"start":{"line":60,"column":8},"end":{"line":62,"column":9}},"30":{"start":{"line":61,"column":12},"end":{"line":61,"column":61}},"31":{"start":{"line":63,"column":23},"end":{"line":67,"column":38}},"32":{"start":{"line":68,"column":8},"end":{"line":68,"column":40}},"33":{"start":{"line":70,"column":8},"end":{"line":70,"column":24}},"34":{"start":{"line":71,"column":8},"end":{"line":71,"column":25}},"35":{"start":{"line":75,"column":0},"end":{"line":87,"column":2}},"36":{"start":{"line":76,"column":4},"end":{"line":86,"column":5}},"37":{"start":{"line":77,"column":25},"end":{"line":77,"column":35}},"38":{"start":{"line":78,"column":23},"end":{"line":78,"column":86}},"39":{"start":{"line":79,"column":8},"end":{"line":81,"column":9}},"40":{"start":{"line":80,"column":12},"end":{"line":80,"column":61}},"41":{"start":{"line":82,"column":23},"end":{"line":82,"column":84}},"42":{"start":{"line":83,"column":8},"end":{"line":83,"column":44}},"43":{"start":{"line":85,"column":8},"end":{"line":85,"column":25}},"44":{"start":{"line":90,"column":0},"end":{"line":90,"column":24}}},"fnMap":{"0":{"name":"(anonymous_0)","decl":{"start":{"line":6,"column":16},"end":{"line":6,"column":17}},"loc":{"start":{"line":6,"column":42},"end":{"line":13,"column":1}},"line":6},"1":{"name":"(anonymous_1)","decl":{"start":{"line":15,"column":21},"end":{"line":15,"column":22}},"loc":{"start":{"line":15,"column":47},"end":{"line":35,"column":1}},"line":15},"2":{"name":"(anonymous_2)","decl":{"start":{"line":37,"column":17},"end":{"line":37,"column":18}},"loc":{"start":{"line":37,"column":43},"end":{"line":49,"column":1}},"line":37},"3":{"name":"(anonymous_3)","decl":{"start":{"line":51,"column":21},"end":{"line":51,"column":22}},"loc":{"start":{"line":51,"column":47},"end":{"line":73,"column":1}},"line":51},"4":{"name":"(anonymous_4)","decl":{"start":{"line":75,"column":24},"end":{"line":75,"column":25}},"loc":{"start":{"line":75,"column":50},"end":{"line":87,"column":1}},"line":75}},"branchMap":{"0":{"loc":{"start":{"line":27,"column":8},"end":{"line":29,"column":9}},"type":"if","locations":[{"start":{"line":27,"column":8},"end":{"line":29,"column":9}},{"start":{"line":27,"column":8},"end":{"line":29,"column":9}}],"line":27},"1":{"loc":{"start":{"line":60,"column":8},"end":{"line":62,"column":9}},"type":"if","locations":[{"start":{"line":60,"column":8},"end":{"line":62,"column":9}},{"start":{"line":60,"column":8},"end":{"line":62,"column":9}}],"line":60},"2":{"loc":{"start":{"line":79,"column":8},"end":{"line":81,"column":9}},"type":"if","locations":[{"start":{"line":79,"column":8},"end":{"line":81,"column":9}},{"start":{"line":79,"column":8},"end":{"line":81,"column":9}}],"line":79}},"s":{"0":3,"1":3,"2":3,"3":3,"4":3,"5":1,"6":1,"7":1,"8":0,"9":3,"10":1,"11":1,"12":1,"13":1,"14":0,"15":1,"16":1,"17":0,"18":3,"19":1,"20":1,"21":1,"22":1,"23":0,"24":3,"25":1,"26":1,"27":1,"28":1,"29":1,"30":0,"31":1,"32":1,"33":0,"34":0,"35":3,"36":1,"37":1,"38":1,"39":1,"40":0,"41":1,"42":1,"43":0,"44":3},"f":{"0":1,"1":1,"2":1,"3":1,"4":1},"b":{"0":[0,1],"1":[0,1],"2":[0,1]},"_coverageSchema":"1a1c01bbd47fc00a2c39e90264f33305004495a9","hash":"d72fd1fa2f6fc754049d7337498df63682d614e6"}
,"/Users/leifflor/Documents/VSCodeWorkSpace/NodeJS/35.1_express-biztime/routes/industries.js": {"path":"/Users/leifflor/Documents/VSCodeWorkSpace/NodeJS/35.1_express-biztime/routes/industries.js","statementMap":{"0":{"start":{"line":1,"column":16},"end":{"line":1,"column":34}},"1":{"start":{"line":2,"column":15},"end":{"line":2,"column":31}},"2":{"start":{"line":3,"column":11},"end":{"line":3,"column":27}},"3":{"start":{"line":4,"column":21},"end":{"line":4,"column":47}},"4":{"start":{"line":7,"column":0},"end":{"line":33,"column":2}},"5":{"start":{"line":9,"column":4},"end":{"line":32,"column":5}},"6":{"start":{"line":10,"column":24},"end":{"line":14,"column":42}},"7":{"start":{"line":15,"column":8},"end":{"line":17,"column":9}},"8":{"start":{"line":16,"column":12},"end":{"line":16,"column":64}},"9":{"start":{"line":18,"column":25},"end":{"line":18,"column":27}},"10":{"start":{"line":19,"column":8},"end":{"line":21,"column":9}},"11":{"start":{"line":20,"column":12},"end":{"line":20,"column":70}},"12":{"start":{"line":22,"column":8},"end":{"line":28,"column":9}},"13":{"start":{"line":23,"column":12},"end":{"line":27,"column":13}},"14":{"start":{"line":24,"column":16},"end":{"line":26,"column":17}},"15":{"start":{"line":25,"column":20},"end":{"line":25,"column":55}},"16":{"start":{"line":29,"column":8},"end":{"line":29,"column":36}},"17":{"start":{"line":31,"column":8},"end":{"line":31,"column":25}},"18":{"start":{"line":35,"column":0},"end":{"line":49,"column":2}},"19":{"start":{"line":36,"column":4},"end":{"line":48,"column":5}},"20":{"start":{"line":37,"column":35},"end":{"line":37,"column":43}},"21":{"start":{"line":38,"column":23},"end":{"line":41,"column":56}},"22":{"start":{"line":42,"column":8},"end":{"line":44,"column":9}},"23":{"start":{"line":43,"column":12},"end":{"line":43,"column":74}},"24":{"start":{"line":45,"column":8},"end":{"line":45,"column":66}},"25":{"start":{"line":47,"column":8},"end":{"line":47,"column":25}},"26":{"start":{"line":52,"column":0},"end":{"line":52,"column":23}}},"fnMap":{"0":{"name":"(anonymous_0)","decl":{"start":{"line":7,"column":16},"end":{"line":7,"column":17}},"loc":{"start":{"line":7,"column":42},"end":{"line":33,"column":1}},"line":7},"1":{"name":"(anonymous_1)","decl":{"start":{"line":35,"column":17},"end":{"line":35,"column":18}},"loc":{"start":{"line":35,"column":43},"end":{"line":49,"column":1}},"line":35}},"branchMap":{"0":{"loc":{"start":{"line":15,"column":8},"end":{"line":17,"column":9}},"type":"if","locations":[{"start":{"line":15,"column":8},"end":{"line":17,"column":9}},{"start":{"line":15,"column":8},"end":{"line":17,"column":9}}],"line":15},"1":{"loc":{"start":{"line":24,"column":16},"end":{"line":26,"column":17}},"type":"if","locations":[{"start":{"line":24,"column":16},"end":{"line":26,"column":17}},{"start":{"line":24,"column":16},"end":{"line":26,"column":17}}],"line":24},"2":{"loc":{"start":{"line":42,"column":8},"end":{"line":44,"column":9}},"type":"if","locations":[{"start":{"line":42,"column":8},"end":{"line":44,"column":9}},{"start":{"line":42,"column":8},"end":{"line":44,"column":9}}],"line":42}},"s":{"0":3,"1":3,"2":3,"3":3,"4":3,"5":1,"6":1,"7":1,"8":0,"9":1,"10":1,"11":1,"12":1,"13":1,"14":1,"15":1,"16":1,"17":0,"18":3,"19":2,"20":2,"21":2,"22":1,"23":0,"24":1,"25":1,"26":3},"f":{"0":1,"1":2},"b":{"0":[0,1],"1":[1,0],"2":[0,1]},"_coverageSchema":"1a1c01bbd47fc00a2c39e90264f33305004495a9","hash":"6e23c776411e473deeacce9d913b086738a06fc4"}
,"/Users/leifflor/Documents/VSCodeWorkSpace/NodeJS/35.1_express-biztime/routes/invoices.js": {"path":"/Users/leifflor/Documents/VSCodeWorkSpace/NodeJS/35.1_express-biztime/routes/invoices.js","statementMap":{"0":{"start":{"line":1,"column":17},"end":{"line":1,"column":39}},"1":{"start":{"line":2,"column":16},"end":{"line":2,"column":34}},"2":{"start":{"line":3,"column":12},"end":{"line":3,"column":29}},"3":{"start":{"line":4,"column":15},"end":{"line":4,"column":31}},"4":{"start":{"line":5,"column":11},"end":{"line":5,"column":27}},"5":{"start":{"line":6,"column":21},"end":{"line":6,"column":47}},"6":{"start":{"line":8,"column":0},"end":{"line":15,"column":2}},"7":{"start":{"line":9,"column":4},"end":{"line":14,"column":5}},"8":{"start":{"line":10,"column":24},"end":{"line":10,"column":108}},"9":{"start":{"line":11,"column":8},"end":{"line":11,"column":50}},"10":{"start":{"line":13,"column":8},"end":{"line":13,"column":25}},"11":{"start":{"line":17,"column":0},"end":{"line":33,"column":2}},"12":{"start":{"line":18,"column":4},"end":{"line":32,"column":5}},"13":{"start":{"line":19,"column":31},"end":{"line":19,"column":145}},"14":{"start":{"line":20,"column":8},"end":{"line":22,"column":9}},"15":{"start":{"line":21,"column":12},"end":{"line":21,"column":61}},"16":{"start":{"line":23,"column":66},"end":{"line":23,"column":88}},"17":{"start":{"line":24,"column":28},"end":{"line":24,"column":118}},"18":{"start":{"line":25,"column":8},"end":{"line":27,"column":9}},"19":{"start":{"line":26,"column":12},"end":{"line":26,"column":61}},"20":{"start":{"line":28,"column":44},"end":{"line":28,"column":63}},"21":{"start":{"line":29,"column":8},"end":{"line":29,"column":112}},"22":{"start":{"line":31,"column":8},"end":{"line":31,"column":25}},"23":{"start":{"line":35,"column":0},"end":{"line":44,"column":2}},"24":{"start":{"line":36,"column":4},"end":{"line":43,"column":5}},"25":{"start":{"line":37,"column":35},"end":{"line":37,"column":43}},"26":{"start":{"line":38,"column":24},"end":{"line":38,"column":153}},"27":{"start":{"line":39,"column":50},"end":{"line":39,"column":65}},"28":{"start":{"line":40,"column":8},"end":{"line":40,"column":96}},"29":{"start":{"line":42,"column":8},"end":{"line":42,"column":25}},"30":{"start":{"line":46,"column":0},"end":{"line":63,"column":2}},"31":{"start":{"line":47,"column":4},"end":{"line":62,"column":5}},"32":{"start":{"line":48,"column":23},"end":{"line":48,"column":33}},"33":{"start":{"line":49,"column":24},"end":{"line":49,"column":32}},"34":{"start":{"line":50,"column":24},"end":{"line":52,"column":17}},"35":{"start":{"line":53,"column":8},"end":{"line":55,"column":9}},"36":{"start":{"line":54,"column":12},"end":{"line":54,"column":61}},"37":{"start":{"line":56,"column":24},"end":{"line":58,"column":22}},"38":{"start":{"line":59,"column":8},"end":{"line":59,"column":65}},"39":{"start":{"line":61,"column":8},"end":{"line":61,"column":25}},"40":{"start":{"line":65,"column":0},"end":{"line":77,"column":2}},"41":{"start":{"line":66,"column":4},"end":{"line":76,"column":5}},"42":{"start":{"line":67,"column":23},"end":{"line":67,"column":33}},"43":{"start":{"line":68,"column":27},"end":{"line":68,"column":85}},"44":{"start":{"line":69,"column":8},"end":{"line":71,"column":9}},"45":{"start":{"line":70,"column":12},"end":{"line":70,"column":61}},"46":{"start":{"line":72,"column":8},"end":{"line":72,"column":65}},"47":{"start":{"line":73,"column":8},"end":{"line":73,"column":59}},"48":{"start":{"line":75,"column":8},"end":{"line":75,"column":25}},"49":{"start":{"line":79,"column":0},"end":{"line":79,"column":24}}},"fnMap":{"0":{"name":"(anonymous_0)","decl":{"start":{"line":8,"column":16},"end":{"line":8,"column":17}},"loc":{"start":{"line":8,"column":42},"end":{"line":15,"column":1}},"line":8},"1":{"name":"(anonymous_1)","decl":{"start":{"line":17,"column":19},"end":{"line":17,"column":20}},"loc":{"start":{"line":17,"column":45},"end":{"line":33,"column":1}},"line":17},"2":{"name":"(anonymous_2)","decl":{"start":{"line":35,"column":17},"end":{"line":35,"column":18}},"loc":{"start":{"line":35,"column":43},"end":{"line":44,"column":1}},"line":35},"3":{"name":"(anonymous_3)","decl":{"start":{"line":46,"column":19},"end":{"line":46,"column":20}},"loc":{"start":{"line":46,"column":45},"end":{"line":63,"column":1}},"line":46},"4":{"name":"(anonymous_4)","decl":{"start":{"line":65,"column":22},"end":{"line":65,"column":23}},"loc":{"start":{"line":65,"column":48},"end":{"line":77,"column":1}},"line":65}},"branchMap":{"0":{"loc":{"start":{"line":20,"column":8},"end":{"line":22,"column":9}},"type":"if","locations":[{"start":{"line":20,"column":8},"end":{"line":22,"column":9}},{"start":{"line":20,"column":8},"end":{"line":22,"column":9}}],"line":20},"1":{"loc":{"start":{"line":25,"column":8},"end":{"line":27,"column":9}},"type":"if","locations":[{"start":{"line":25,"column":8},"end":{"line":27,"column":9}},{"start":{"line":25,"column":8},"end":{"line":27,"column":9}}],"line":25},"2":{"loc":{"start":{"line":53,"column":8},"end":{"line":55,"column":9}},"type":"if","locations":[{"start":{"line":53,"column":8},"end":{"line":55,"column":9}},{"start":{"line":53,"column":8},"end":{"line":55,"column":9}}],"line":53},"3":{"loc":{"start":{"line":69,"column":8},"end":{"line":71,"column":9}},"type":"if","locations":[{"start":{"line":69,"column":8},"end":{"line":71,"column":9}},{"start":{"line":69,"column":8},"end":{"line":71,"column":9}}],"line":69}},"s":{"0":3,"1":3,"2":3,"3":3,"4":3,"5":3,"6":3,"7":1,"8":1,"9":1,"10":0,"11":3,"12":2,"13":2,"14":2,"15":1,"16":1,"17":1,"18":1,"19":0,"20":1,"21":1,"22":1,"23":3,"24":2,"25":2,"26":2,"27":1,"28":1,"29":1,"30":3,"31":2,"32":2,"33":2,"34":2,"35":2,"36":1,"37":1,"38":1,"39":1,"40":3,"41":2,"42":2,"43":2,"44":2,"45":1,"46":1,"47":1,"48":1,"49":3},"f":{"0":1,"1":2,"2":2,"3":2,"4":2},"b":{"0":[1,1],"1":[0,1],"2":[1,1],"3":[1,1]},"_coverageSchema":"1a1c01bbd47fc00a2c39e90264f33305004495a9","hash":"48ad62b6de34bb8b703260287f2a37f75397a168"}
}
