TN:
SF:app.js
FN:22,(anonymous_0)
FN:29,(anonymous_1)
FNF:2
FNH:1
FNDA:0,(anonymous_0)
FNDA:5,(anonymous_1)
DA:3,3
DA:5,3
DA:6,3
DA:8,3
DA:11,3
DA:12,3
DA:14,3
DA:15,3
DA:17,3
DA:18,3
DA:22,3
DA:23,0
DA:24,0
DA:29,3
DA:30,5
DA:32,5
DA:39,3
LF:17
LH:15
BRDA:30,0,0,5
BRDA:30,0,1,2
BRF:2
BRH:2
end_of_record
TN:
SF:db.js
FNF:0
FNH:0
DA:3,3
DA:7,3
DA:8,3
DA:10,0
DA:13,3
DA:17,3
DA:19,3
LF:7
LH:6
BRDA:7,0,0,3
BRDA:7,0,1,0
BRF:2
BRH:1
end_of_record
TN:
SF:expressError.js
FN:8,(anonymous_0)
FNF:1
FNH:1
FNDA:3,(anonymous_0)
DA:9,3
DA:10,3
DA:11,3
DA:12,3
DA:17,3
LF:5
LH:5
BRF:0
BRH:0
end_of_record
TN:
SF:routes/companies.js
FN:6,(anonymous_0)
FN:15,(anonymous_1)
FN:37,(anonymous_2)
FN:51,(anonymous_3)
FN:75,(anonymous_4)
FNF:5
FNH:5
FNDA:1,(anonymous_0)
FNDA:1,(anonymous_1)
FNDA:1,(anonymous_2)
FNDA:1,(anonymous_3)
FNDA:1,(anonymous_4)
DA:1,3
DA:2,3
DA:3,3
DA:4,3
DA:6,3
DA:7,1
DA:8,1
DA:9,1
DA:11,0
DA:15,3
DA:16,1
DA:17,1
DA:18,1
DA:27,1
DA:28,0
DA:30,1
DA:31,1
DA:33,0
DA:37,3
DA:38,1
DA:39,1
DA:40,1
DA:45,1
DA:47,0
DA:51,3
DA:52,1
DA:53,1
DA:54,1
DA:55,1
DA:60,1
DA:61,0
DA:63,1
DA:68,1
DA:70,0
DA:71,0
DA:75,3
DA:76,1
DA:77,1
DA:78,1
DA:79,1
DA:80,0
DA:82,1
DA:83,1
DA:85,0
DA:90,3
LF:45
LH:36
BRDA:27,0,0,0
BRDA:27,0,1,1
BRDA:60,1,0,0
BRDA:60,1,1,1
BRDA:79,2,0,0
BRDA:79,2,1,1
BRF:6
BRH:3
end_of_record
TN:
SF:routes/industries.js
FN:7,(anonymous_0)
FN:35,(anonymous_1)
FNF:2
FNH:2
FNDA:1,(anonymous_0)
FNDA:2,(anonymous_1)
DA:1,3
DA:2,3
DA:3,3
DA:4,3
DA:7,3
DA:9,1
DA:10,1
DA:15,1
DA:16,0
DA:18,1
DA:19,1
DA:20,1
DA:22,1
DA:23,1
DA:24,1
DA:25,1
DA:29,1
DA:31,0
DA:35,3
DA:36,2
DA:37,2
DA:38,2
DA:42,1
DA:43,0
DA:45,1
DA:47,1
DA:52,3
LF:27
LH:24
BRDA:15,0,0,0
BRDA:15,0,1,1
BRDA:24,1,0,1
BRDA:24,1,1,0
BRDA:42,2,0,0
BRDA:42,2,1,1
BRF:6
BRH:3
end_of_record
TN:
SF:routes/invoices.js
FN:8,(anonymous_0)
FN:17,(anonymous_1)
FN:35,(anonymous_2)
FN:46,(anonymous_3)
FN:65,(anonymous_4)
FNF:5
FNH:5
FNDA:1,(anonymous_0)
FNDA:2,(anonymous_1)
FNDA:2,(anonymous_2)
FNDA:2,(anonymous_3)
FNDA:2,(anonymous_4)
DA:1,3
DA:2,3
DA:3,3
DA:4,3
DA:5,3
DA:6,3
DA:8,3
DA:9,1
DA:10,1
DA:11,1
DA:13,0
DA:17,3
DA:18,2
DA:19,2
DA:20,2
DA:21,1
DA:23,1
DA:24,1
DA:25,1
DA:26,0
DA:28,1
DA:29,1
DA:31,1
DA:35,3
DA:36,2
DA:37,2
DA:38,2
DA:39,1
DA:40,1
DA:42,1
DA:46,3
DA:47,2
DA:48,2
DA:49,2
DA:50,2
DA:53,2
DA:54,1
DA:56,1
DA:59,1
DA:61,1
DA:65,3
DA:66,2
DA:67,2
DA:68,2
DA:69,2
DA:70,1
DA:72,1
DA:73,1
DA:75,1
DA:79,3
LF:50
LH:48
BRDA:20,0,0,1
BRDA:20,0,1,1
BRDA:25,1,0,0
BRDA:25,1,1,1
BRDA:53,2,0,1
BRDA:53,2,1,1
BRDA:69,3,0,1
BRDA:69,3,1,1
BRF:8
BRH:7
end_of_record
